<?xml version="1.0" encoding="UTF-8"?>
<!-- Generated by org.testng.reporters.JUnitXMLReporter -->
<testsuite ignored="0" hostname="asus" failures="0" tests="3" name="Test" time="92.105" errors="0" timestamp="2023-07-12T15:52:08 IST">
  <testcase classname="mothersTestPkg.MothersTestClass" name="handleFrame" time="11.095"/>
  <testcase classname="mothersTestPkg.MothersTestClass" name="createAccount" time="14.337"/>
  <testcase classname="mothersTestPkg.MothersTestClass" name="register" time="18.347"/>
</testsuite> <!-- Test -->
